  [1m[35m (8.1ms)[0m  [1m[35mCREATE TABLE "schema_migrations" ("version" character varying NOT NULL PRIMARY KEY)[0m
  [1m[35m (6.5ms)[0m  [1m[35mCREATE TABLE "ar_internal_metadata" ("key" character varying NOT NULL PRIMARY KEY, "value" character varying, "created_at" timestamp NOT NULL, "updated_at" timestamp NOT NULL)[0m
  [1m[35m (0.1ms)[0m  [1m[34mSELECT pg_try_advisory_lock(380460934560941850)[0m
  [1m[35m (0.2ms)[0m  [1m[34mSELECT "schema_migrations"."version" FROM "schema_migrations" ORDER BY "schema_migrations"."version" ASC[0m
Migrating to CreateApplicants (20180623030937)
  [1m[35m (0.1ms)[0m  [1m[35mBEGIN[0m
  [1m[35m (6.5ms)[0m  [1m[35mCREATE TABLE "applicants" ("id" bigserial primary key, "last_name" character varying, "first_name" character varying, "middle_initial" character varying, "student_number" integer, "email" character varying, "contact_number" character varying, "birthday" date, "nickname" character varying, "address" character varying, "skills" text, "interests" text, "experience" text, "created_at" timestamp NOT NULL, "updated_at" timestamp NOT NULL)[0m
  [1m[35mSQL (0.3ms)[0m  [1m[32mINSERT INTO "schema_migrations" ("version") VALUES ($1) RETURNING "version"[0m  [["version", "20180623030937"]]
  [1m[35m (1.2ms)[0m  [1m[35mCOMMIT[0m
  [1m[36mActiveRecord::InternalMetadata Load (0.3ms)[0m  [1m[34mSELECT  "ar_internal_metadata".* FROM "ar_internal_metadata" WHERE "ar_internal_metadata"."key" = $1 LIMIT $2[0m  [["key", "environment"], ["LIMIT", 1]]
  [1m[35m (0.1ms)[0m  [1m[35mBEGIN[0m
  [1m[35mSQL (0.3ms)[0m  [1m[32mINSERT INTO "ar_internal_metadata" ("key", "value", "created_at", "updated_at") VALUES ($1, $2, $3, $4) RETURNING "key"[0m  [["key", "environment"], ["value", "development"], ["created_at", "2018-06-23 03:11:51.261929"], ["updated_at", "2018-06-23 03:11:51.261929"]]
  [1m[35m (0.8ms)[0m  [1m[35mCOMMIT[0m
  [1m[35m (0.2ms)[0m  [1m[34mSELECT pg_advisory_unlock(380460934560941850)[0m
  [1m[35m (0.1ms)[0m  [1m[34mSELECT "schema_migrations"."version" FROM "schema_migrations" ORDER BY "schema_migrations"."version" ASC[0m
  [1m[35m (0.1ms)[0m  [1m[34mSELECT pg_try_advisory_lock(380460934560941850)[0m
  [1m[35m (0.4ms)[0m  [1m[34mSELECT "schema_migrations"."version" FROM "schema_migrations" ORDER BY "schema_migrations"."version" ASC[0m
Migrating to CreateAffiliations (20180623040722)
  [1m[35m (0.1ms)[0m  [1m[35mBEGIN[0m
  [1m[35m (9.6ms)[0m  [1m[35mCREATE TABLE "affiliations" ("id" bigserial primary key, "org_name" character varying, "position" character varying, "applicant_id" bigint, "created_at" timestamp NOT NULL, "updated_at" timestamp NOT NULL, CONSTRAINT "fk_rails_bab1423529"
FOREIGN KEY ("applicant_id")
  REFERENCES "applicants" ("id")
)[0m
  [1m[35m (3.3ms)[0m  [1m[35mCREATE  INDEX  "index_affiliations_on_applicant_id" ON "affiliations"  ("applicant_id")[0m
  [1m[35mSQL (0.5ms)[0m  [1m[32mINSERT INTO "schema_migrations" ("version") VALUES ($1) RETURNING "version"[0m  [["version", "20180623040722"]]
  [1m[35m (1.4ms)[0m  [1m[35mCOMMIT[0m
  [1m[36mActiveRecord::InternalMetadata Load (0.5ms)[0m  [1m[34mSELECT  "ar_internal_metadata".* FROM "ar_internal_metadata" WHERE "ar_internal_metadata"."key" = $1 LIMIT $2[0m  [["key", "environment"], ["LIMIT", 1]]
  [1m[35m (0.3ms)[0m  [1m[35mBEGIN[0m
  [1m[35m (0.2ms)[0m  [1m[35mCOMMIT[0m
  [1m[35m (0.3ms)[0m  [1m[34mSELECT pg_advisory_unlock(380460934560941850)[0m
  [1m[35m (0.2ms)[0m  [1m[34mSELECT "schema_migrations"."version" FROM "schema_migrations" ORDER BY "schema_migrations"."version" ASC[0m
  [1m[35m (0.1ms)[0m  [1m[34mSELECT pg_try_advisory_lock(380460934560941850)[0m
  [1m[35m (0.4ms)[0m  [1m[34mSELECT "schema_migrations"."version" FROM "schema_migrations" ORDER BY "schema_migrations"."version" ASC[0m
Migrating to CreateCommittees (20180623041628)
  [1m[35m (0.1ms)[0m  [1m[35mBEGIN[0m
  [1m[35m (6.9ms)[0m  [1m[35mCREATE TABLE "committees" ("id" bigserial primary key, "name" character varying, "desc" character varying, "created_at" timestamp NOT NULL, "updated_at" timestamp NOT NULL)[0m
  [1m[35mSQL (0.3ms)[0m  [1m[32mINSERT INTO "schema_migrations" ("version") VALUES ($1) RETURNING "version"[0m  [["version", "20180623041628"]]
  [1m[35m (1.1ms)[0m  [1m[35mCOMMIT[0m
Migrating to CreateCommitteeChoices (20180623041629)
  [1m[35m (0.1ms)[0m  [1m[35mBEGIN[0m
  [1m[35m (6.7ms)[0m  [1m[35mCREATE TABLE "committee_choices" ("id" bigserial primary key, "committee_id" bigint, "applicant_id" bigint, "priority" integer, "reason" text, "created_at" timestamp NOT NULL, "updated_at" timestamp NOT NULL, CONSTRAINT "fk_rails_1ab1f362a9"
FOREIGN KEY ("committee_id")
  REFERENCES "committees" ("id")
, CONSTRAINT "fk_rails_a6d126cd35"
FOREIGN KEY ("applicant_id")
  REFERENCES "applicants" ("id")
)[0m
  [1m[35m (2.7ms)[0m  [1m[35mCREATE  INDEX  "index_committee_choices_on_committee_id" ON "committee_choices"  ("committee_id")[0m
  [1m[35m (2.6ms)[0m  [1m[35mCREATE  INDEX  "index_committee_choices_on_applicant_id" ON "committee_choices"  ("applicant_id")[0m
  [1m[35mSQL (0.2ms)[0m  [1m[32mINSERT INTO "schema_migrations" ("version") VALUES ($1) RETURNING "version"[0m  [["version", "20180623041629"]]
  [1m[35m (0.8ms)[0m  [1m[35mCOMMIT[0m
  [1m[36mActiveRecord::InternalMetadata Load (0.3ms)[0m  [1m[34mSELECT  "ar_internal_metadata".* FROM "ar_internal_metadata" WHERE "ar_internal_metadata"."key" = $1 LIMIT $2[0m  [["key", "environment"], ["LIMIT", 1]]
  [1m[35m (0.1ms)[0m  [1m[35mBEGIN[0m
  [1m[35m (0.1ms)[0m  [1m[35mCOMMIT[0m
  [1m[35m (0.2ms)[0m  [1m[34mSELECT pg_advisory_unlock(380460934560941850)[0m
  [1m[35m (0.2ms)[0m  [1m[34mSELECT "schema_migrations"."version" FROM "schema_migrations" ORDER BY "schema_migrations"."version" ASC[0m
Started GET "/api/books" for 127.0.0.1 at 2018-06-23 15:27:40 +0800
  [1m[35m (0.3ms)[0m  [1m[34mSELECT "schema_migrations"."version" FROM "schema_migrations" ORDER BY "schema_migrations"."version" ASC[0m
  
ActionController::RoutingError (No route matches [GET] "/api/books"):
  
actionpack (5.1.6) lib/action_dispatch/middleware/debug_exceptions.rb:63:in `call'
web-console (3.6.2) lib/web_console/middleware.rb:135:in `call_app'
web-console (3.6.2) lib/web_console/middleware.rb:30:in `block in call'
web-console (3.6.2) lib/web_console/middleware.rb:20:in `catch'
web-console (3.6.2) lib/web_console/middleware.rb:20:in `call'
actionpack (5.1.6) lib/action_dispatch/middleware/show_exceptions.rb:31:in `call'
railties (5.1.6) lib/rails/rack/logger.rb:36:in `call_app'
railties (5.1.6) lib/rails/rack/logger.rb:24:in `block in call'
activesupport (5.1.6) lib/active_support/tagged_logging.rb:69:in `block in tagged'
activesupport (5.1.6) lib/active_support/tagged_logging.rb:26:in `tagged'
activesupport (5.1.6) lib/active_support/tagged_logging.rb:69:in `tagged'
railties (5.1.6) lib/rails/rack/logger.rb:24:in `call'
sprockets-rails (3.2.1) lib/sprockets/rails/quiet_assets.rb:13:in `call'
actionpack (5.1.6) lib/action_dispatch/middleware/remote_ip.rb:79:in `call'
actionpack (5.1.6) lib/action_dispatch/middleware/request_id.rb:25:in `call'
rack (2.0.5) lib/rack/method_override.rb:22:in `call'
rack (2.0.5) lib/rack/runtime.rb:22:in `call'
activesupport (5.1.6) lib/active_support/cache/strategy/local_cache_middleware.rb:27:in `call'
actionpack (5.1.6) lib/action_dispatch/middleware/executor.rb:12:in `call'
actionpack (5.1.6) lib/action_dispatch/middleware/static.rb:125:in `call'
rack (2.0.5) lib/rack/sendfile.rb:111:in `call'
railties (5.1.6) lib/rails/engine.rb:522:in `call'
puma (3.11.4) lib/puma/configuration.rb:225:in `call'
puma (3.11.4) lib/puma/server.rb:632:in `handle_request'
puma (3.11.4) lib/puma/server.rb:446:in `process_client'
puma (3.11.4) lib/puma/server.rb:306:in `block in run'
puma (3.11.4) lib/puma/thread_pool.rb:120:in `block in spawn_thread'
Started GET "/api/applicants" for 127.0.0.1 at 2018-06-23 15:27:45 +0800
  
SyntaxError (/home/franciszacdlc/Documents/CSI/up-csi-appsor/appsor-backend/app/controllers/api/applicants_controller.rb:44: syntax error, unexpected end-of-input, expecting keyword_end):
  
app/controllers/api/applicants_controller.rb:44: syntax error, unexpected end-of-input, expecting keyword_end
Started GET "/api/applicants" for 127.0.0.1 at 2018-06-23 15:28:24 +0800
  
SyntaxError (/home/franciszacdlc/Documents/CSI/up-csi-appsor/appsor-backend/app/controllers/api/applicants_controller.rb:45: syntax error, unexpected end-of-input, expecting keyword_end):
  
app/controllers/api/applicants_controller.rb:45: syntax error, unexpected end-of-input, expecting keyword_end
Started GET "/api/applicants" for 127.0.0.1 at 2018-06-23 15:28:47 +0800
  
LoadError (Unable to autoload constant Api::ApiController, expected /home/franciszacdlc/Documents/CSI/up-csi-appsor/appsor-backend/app/controllers/api/api_controller.rb to define it):
  
app/controllers/api/applicants_controller.rb:2:in `<module:Api>'
app/controllers/api/applicants_controller.rb:1:in `<top (required)>'
Started GET "/api/applicants" for 127.0.0.1 at 2018-06-23 15:29:24 +0800
Processing by Api::ApplicantsController#index as */*
  [1m[36mApplicant Load (0.4ms)[0m  [1m[34mSELECT "applicants".* FROM "applicants"[0m
Completed 200 OK in 10ms (Views: 2.1ms | ActiveRecord: 1.4ms)


Started POST "/api/applicants" for 127.0.0.1 at 2018-06-23 15:33:48 +0800
Processing by Api::ApplicantsController#create as */*
  Parameters: {"last_name"=>"Dela Cruz", "first_name"=>"Francis Zac", "middle_initial"=>"Q", "nickname"=>"Francis", "birthday"=>"August 24, 1998", "address"=>"Paco, Manila", "skills"=>"None", "interests"=>"None", "experience"=>"None", "student_number"=>"201508086", "email"=>"francis@dlc.com", "contact_number"=>"09088943422"}
Can't verify CSRF token authenticity.
Unpermitted parameters: :last_name, :first_name, :middle_initial, :nickname, :birthday, :address, :skills, :interests, :experience, :student_number, :email, :contact_number
  [1m[35m (0.1ms)[0m  [1m[35mBEGIN[0m
  [1m[36mApplicant Exists (0.5ms)[0m  [1m[34mSELECT  1 AS one FROM "applicants" WHERE "applicants"."student_number" IS NULL LIMIT $1[0m  [["LIMIT", 1]]
  [1m[36mApplicant Exists (0.2ms)[0m  [1m[34mSELECT  1 AS one FROM "applicants" WHERE "applicants"."email" IS NULL LIMIT $1[0m  [["LIMIT", 1]]
  [1m[36mApplicant Exists (0.2ms)[0m  [1m[34mSELECT  1 AS one FROM "applicants" WHERE "applicants"."contact_number" IS NULL LIMIT $1[0m  [["LIMIT", 1]]
  [1m[35m (0.1ms)[0m  [1m[31mROLLBACK[0m
Completed 500 Internal Server Error in 326ms (ActiveRecord: 3.2ms)


  
NoMethodError (undefined method `to_i' for {:status=>:unprocessable_entity}:Hash
Did you mean?  to_s
               to_a
               to_h):
  
app/controllers/concerns/response.rb:3:in `json_response'
app/controllers/api/applicants_controller.rb:10:in `create'
Started POST "/api/applicants" for 127.0.0.1 at 2018-06-23 15:35:47 +0800
Processing by Api::ApplicantsController#create as */*
  Parameters: {"last_name"=>"Dela Cruz", "first_name"=>"Francis Zac", "middle_initial"=>"Q", "nickname"=>"Francis", "birthday"=>"August 24, 1998", "address"=>"Paco, Manila", "skills"=>"None", "interests"=>"None", "experience"=>"None", "student_number"=>"201508086", "email"=>"francis@dlc.com", "contact_number"=>"09088943422"}
Can't verify CSRF token authenticity.
  [1m[35m (0.2ms)[0m  [1m[35mBEGIN[0m
  [1m[36mApplicant Exists (0.2ms)[0m  [1m[34mSELECT  1 AS one FROM "applicants" WHERE "applicants"."student_number" = $1 LIMIT $2[0m  [["student_number", 201508086], ["LIMIT", 1]]
  [1m[36mApplicant Exists (0.4ms)[0m  [1m[34mSELECT  1 AS one FROM "applicants" WHERE LOWER("applicants"."email") = LOWER($1) LIMIT $2[0m  [["email", "francis@dlc.com"], ["LIMIT", 1]]
  [1m[36mApplicant Exists (0.2ms)[0m  [1m[34mSELECT  1 AS one FROM "applicants" WHERE LOWER("applicants"."contact_number") = LOWER($1) LIMIT $2[0m  [["contact_number", "09088943422"], ["LIMIT", 1]]
  [1m[35mSQL (0.3ms)[0m  [1m[32mINSERT INTO "applicants" ("last_name", "first_name", "middle_initial", "student_number", "email", "contact_number", "birthday", "nickname", "address", "skills", "interests", "experience", "created_at", "updated_at") VALUES ($1, $2, $3, $4, $5, $6, $7, $8, $9, $10, $11, $12, $13, $14) RETURNING "id"[0m  [["last_name", "Dela Cruz"], ["first_name", "Francis Zac"], ["middle_initial", "Q"], ["student_number", 201508086], ["email", "francis@dlc.com"], ["contact_number", "09088943422"], ["birthday", "1998-08-24"], ["nickname", "Francis"], ["address", "Paco, Manila"], ["skills", "None"], ["interests", "None"], ["experience", "None"], ["created_at", "2018-06-23 07:35:47.488192"], ["updated_at", "2018-06-23 07:35:47.488192"]]
  [1m[35m (0.9ms)[0m  [1m[35mCOMMIT[0m
Completed 201 Created in 23ms (Views: 0.4ms | ActiveRecord: 6.6ms)


Started GET "/api/applicants" for 127.0.0.1 at 2018-06-23 15:36:22 +0800
Processing by Api::ApplicantsController#index as */*
  [1m[36mApplicant Load (0.3ms)[0m  [1m[34mSELECT "applicants".* FROM "applicants"[0m
Completed 200 OK in 3ms (Views: 2.5ms | ActiveRecord: 0.3ms)


Started POST "/api/applicants" for 127.0.0.1 at 2018-06-23 15:37:56 +0800
Processing by Api::ApplicantsController#create as */*
  Parameters: {"last_name"=>"Dela Cruz", "first_name"=>"Francis Zac", "middle_initial"=>"Q", "nickname"=>"Francis", "address"=>"Paco, Manila", "skills"=>"None", "interests"=>"None", "experience"=>"None", "student_number"=>"201508086", "email"=>"francis@dlc.com", "contact_number"=>"09088943422"}
Can't verify CSRF token authenticity.
  [1m[35m (0.1ms)[0m  [1m[35mBEGIN[0m
  [1m[36mApplicant Exists (0.2ms)[0m  [1m[34mSELECT  1 AS one FROM "applicants" WHERE "applicants"."student_number" = $1 LIMIT $2[0m  [["student_number", 201508086], ["LIMIT", 1]]
  [1m[36mApplicant Exists (0.2ms)[0m  [1m[34mSELECT  1 AS one FROM "applicants" WHERE LOWER("applicants"."email") = LOWER($1) LIMIT $2[0m  [["email", "francis@dlc.com"], ["LIMIT", 1]]
  [1m[36mApplicant Exists (0.2ms)[0m  [1m[34mSELECT  1 AS one FROM "applicants" WHERE LOWER("applicants"."contact_number") = LOWER($1) LIMIT $2[0m  [["contact_number", "09088943422"], ["LIMIT", 1]]
  [1m[35m (0.1ms)[0m  [1m[31mROLLBACK[0m
Completed 500 Internal Server Error in 25ms (ActiveRecord: 4.5ms)


  
NoMethodError (undefined method `to_i' for {:status=>422}:Hash
Did you mean?  to_s
               to_a
               to_h):
  
app/controllers/concerns/response.rb:3:in `json_response'
app/controllers/api/applicants_controller.rb:10:in `create'
Started POST "/api/applicants" for 127.0.0.1 at 2018-06-23 15:44:22 +0800
Processing by Api::ApplicantsController#create as */*
  Parameters: {"last_name"=>"Dela Cruz", "first_name"=>"Francis Zac", "middle_initial"=>"Q", "nickname"=>"Francis", "address"=>"Paco, Manila", "skills"=>"None", "interests"=>"None", "experience"=>"None", "student_number"=>"201508086", "email"=>"francis@dlc.com", "contact_number"=>"09088943422"}
Can't verify CSRF token authenticity.
  [1m[35m (0.1ms)[0m  [1m[35mBEGIN[0m
  [1m[36mApplicant Exists (0.2ms)[0m  [1m[34mSELECT  1 AS one FROM "applicants" WHERE "applicants"."student_number" = $1 LIMIT $2[0m  [["student_number", 201508086], ["LIMIT", 1]]
  [1m[36mApplicant Exists (0.3ms)[0m  [1m[34mSELECT  1 AS one FROM "applicants" WHERE LOWER("applicants"."email") = LOWER($1) LIMIT $2[0m  [["email", "francis@dlc.com"], ["LIMIT", 1]]
  [1m[36mApplicant Exists (0.2ms)[0m  [1m[34mSELECT  1 AS one FROM "applicants" WHERE LOWER("applicants"."contact_number") = LOWER($1) LIMIT $2[0m  [["contact_number", "09088943422"], ["LIMIT", 1]]
  [1m[35m (0.1ms)[0m  [1m[31mROLLBACK[0m
Completed 200 OK in 25ms (Views: 0.2ms | ActiveRecord: 1.6ms)


Started POST "/api/applicants" for 127.0.0.1 at 2018-06-23 15:45:32 +0800
Processing by Api::ApplicantsController#create as */*
  Parameters: {"last_name"=>"Dela Cruz", "first_name"=>"Francis Zac", "middle_initial"=>"Q", "nickname"=>"Francis", "address"=>"Paco, Manila", "skills"=>"None", "interests"=>"None", "experience"=>"None", "student_number"=>"201508086", "email"=>"francis@dlc.com", "contact_number"=>"09088943422"}
Can't verify CSRF token authenticity.
  [1m[35m (0.2ms)[0m  [1m[35mBEGIN[0m
  [1m[36mApplicant Exists (0.3ms)[0m  [1m[34mSELECT  1 AS one FROM "applicants" WHERE "applicants"."student_number" = $1 LIMIT $2[0m  [["student_number", 201508086], ["LIMIT", 1]]
  [1m[36mApplicant Exists (0.6ms)[0m  [1m[34mSELECT  1 AS one FROM "applicants" WHERE LOWER("applicants"."email") = LOWER($1) LIMIT $2[0m  [["email", "francis@dlc.com"], ["LIMIT", 1]]
  [1m[36mApplicant Exists (0.2ms)[0m  [1m[34mSELECT  1 AS one FROM "applicants" WHERE LOWER("applicants"."contact_number") = LOWER($1) LIMIT $2[0m  [["contact_number", "09088943422"], ["LIMIT", 1]]
  [1m[35m (0.1ms)[0m  [1m[31mROLLBACK[0m
Completed 422 Unprocessable Entity in 28ms (Views: 0.2ms | ActiveRecord: 2.0ms)


Started POST "/api/applicants" for 127.0.0.1 at 2018-06-23 15:45:35 +0800
Processing by Api::ApplicantsController#create as */*
  Parameters: {"last_name"=>"Dela Cruz", "first_name"=>"Francis Zac", "middle_initial"=>"Q", "nickname"=>"Francis", "address"=>"Paco, Manila", "skills"=>"None", "interests"=>"None", "experience"=>"None", "student_number"=>"201508086", "email"=>"francis@dlc.com", "contact_number"=>"09088943422"}
Can't verify CSRF token authenticity.
  [1m[35m (0.1ms)[0m  [1m[35mBEGIN[0m
  [1m[36mApplicant Exists (0.2ms)[0m  [1m[34mSELECT  1 AS one FROM "applicants" WHERE "applicants"."student_number" = $1 LIMIT $2[0m  [["student_number", 201508086], ["LIMIT", 1]]
  [1m[36mApplicant Exists (0.4ms)[0m  [1m[34mSELECT  1 AS one FROM "applicants" WHERE LOWER("applicants"."email") = LOWER($1) LIMIT $2[0m  [["email", "francis@dlc.com"], ["LIMIT", 1]]
  [1m[36mApplicant Exists (0.2ms)[0m  [1m[34mSELECT  1 AS one FROM "applicants" WHERE LOWER("applicants"."contact_number") = LOWER($1) LIMIT $2[0m  [["contact_number", "09088943422"], ["LIMIT", 1]]
  [1m[35m (0.1ms)[0m  [1m[31mROLLBACK[0m
Completed 422 Unprocessable Entity in 7ms (Views: 0.2ms | ActiveRecord: 2.5ms)


Started POST "/api/applicants" for 127.0.0.1 at 2018-06-23 15:46:04 +0800
Processing by Api::ApplicantsController#create as */*
  Parameters: {"last_name"=>"Dela Cruz", "first_name"=>"Francis Zac", "middle_initial"=>"Q", "nickname"=>"Francis", "address"=>"Paco, Manila", "skills"=>"None", "interests"=>"None", "experience"=>"None", "student_number"=>"201508086", "email"=>"francis@dlc.com", "contact_number"=>"09088943422"}
Can't verify CSRF token authenticity.
  [1m[35m (0.2ms)[0m  [1m[35mBEGIN[0m
  [1m[36mApplicant Exists (0.2ms)[0m  [1m[34mSELECT  1 AS one FROM "applicants" WHERE "applicants"."student_number" = $1 LIMIT $2[0m  [["student_number", 201508086], ["LIMIT", 1]]
  [1m[36mApplicant Exists (0.2ms)[0m  [1m[34mSELECT  1 AS one FROM "applicants" WHERE LOWER("applicants"."email") = LOWER($1) LIMIT $2[0m  [["email", "francis@dlc.com"], ["LIMIT", 1]]
  [1m[36mApplicant Exists (0.2ms)[0m  [1m[34mSELECT  1 AS one FROM "applicants" WHERE LOWER("applicants"."contact_number") = LOWER($1) LIMIT $2[0m  [["contact_number", "09088943422"], ["LIMIT", 1]]
  [1m[35m (0.1ms)[0m  [1m[31mROLLBACK[0m
Completed 500 Internal Server Error in 24ms (ActiveRecord: 3.7ms)


  
NoMethodError (undefined method `to_i' for {:status=>:unprocessable_entity}:Hash
Did you mean?  to_s
               to_a
               to_h):
  
app/controllers/concerns/response.rb:3:in `json_response'
app/controllers/api/applicants_controller.rb:11:in `create'
Started POST "/api/applicants" for 127.0.0.1 at 2018-06-23 15:46:16 +0800
Processing by Api::ApplicantsController#create as */*
  Parameters: {"last_name"=>"Dela Cruz", "first_name"=>"Francis Zac", "middle_initial"=>"Q", "nickname"=>"Francis", "address"=>"Paco, Manila", "skills"=>"None", "interests"=>"None", "experience"=>"None", "student_number"=>"201508086", "email"=>"francis@dlc.com", "contact_number"=>"09088943422"}
Can't verify CSRF token authenticity.
  [1m[35m (0.2ms)[0m  [1m[35mBEGIN[0m
  [1m[36mApplicant Exists (0.2ms)[0m  [1m[34mSELECT  1 AS one FROM "applicants" WHERE "applicants"."student_number" = $1 LIMIT $2[0m  [["student_number", 201508086], ["LIMIT", 1]]
  [1m[36mApplicant Exists (0.2ms)[0m  [1m[34mSELECT  1 AS one FROM "applicants" WHERE LOWER("applicants"."email") = LOWER($1) LIMIT $2[0m  [["email", "francis@dlc.com"], ["LIMIT", 1]]
  [1m[36mApplicant Exists (0.2ms)[0m  [1m[34mSELECT  1 AS one FROM "applicants" WHERE LOWER("applicants"."contact_number") = LOWER($1) LIMIT $2[0m  [["contact_number", "09088943422"], ["LIMIT", 1]]
  [1m[35m (0.1ms)[0m  [1m[31mROLLBACK[0m
Completed 422 Unprocessable Entity in 22ms (Views: 0.2ms | ActiveRecord: 1.5ms)


Started POST "/api/applicants" for 127.0.0.1 at 2018-06-23 15:46:36 +0800
Processing by Api::ApplicantsController#create as */*
  Parameters: {"last_name"=>"Dela Cruz", "first_name"=>"Francis Zac", "middle_initial"=>"Q", "nickname"=>"Francis", "address"=>"Paco, Manila", "skills"=>"None", "interests"=>"None", "experience"=>"None", "student_number"=>"201508086", "email"=>"francis@dlc.com", "contact_number"=>"09088943422"}
Can't verify CSRF token authenticity.
  [1m[35m (0.2ms)[0m  [1m[35mBEGIN[0m
  [1m[36mApplicant Exists (0.3ms)[0m  [1m[34mSELECT  1 AS one FROM "applicants" WHERE "applicants"."student_number" = $1 LIMIT $2[0m  [["student_number", 201508086], ["LIMIT", 1]]
  [1m[36mApplicant Exists (0.2ms)[0m  [1m[34mSELECT  1 AS one FROM "applicants" WHERE LOWER("applicants"."email") = LOWER($1) LIMIT $2[0m  [["email", "francis@dlc.com"], ["LIMIT", 1]]
  [1m[36mApplicant Exists (0.2ms)[0m  [1m[34mSELECT  1 AS one FROM "applicants" WHERE LOWER("applicants"."contact_number") = LOWER($1) LIMIT $2[0m  [["contact_number", "09088943422"], ["LIMIT", 1]]
  [1m[35m (0.1ms)[0m  [1m[31mROLLBACK[0m
Completed 200 OK in 24ms (Views: 0.2ms | ActiveRecord: 1.8ms)


Started POST "/api/applicants" for 127.0.0.1 at 2018-06-23 18:13:40 +0800
Processing by Api::ApplicantsController#create as */*
  Parameters: {"last_name"=>"Dela Cruz", "first_name"=>"Francis Zac", "middle_initial"=>"Q", "nickname"=>"Francis", "address"=>"Paco, Manila", "skills"=>"None", "interests"=>"None", "experience"=>"None", "student_number"=>"201508086", "email"=>"francis@dlc.com", "contact_number"=>"09088943422"}
Can't verify CSRF token authenticity.
  [1m[35m (0.1ms)[0m  [1m[35mBEGIN[0m
  [1m[36mApplicant Exists (0.2ms)[0m  [1m[34mSELECT  1 AS one FROM "applicants" WHERE "applicants"."student_number" = $1 LIMIT $2[0m  [["student_number", 201508086], ["LIMIT", 1]]
  [1m[36mApplicant Exists (0.1ms)[0m  [1m[34mSELECT  1 AS one FROM "applicants" WHERE LOWER("applicants"."email") = LOWER($1) LIMIT $2[0m  [["email", "francis@dlc.com"], ["LIMIT", 1]]
  [1m[36mApplicant Exists (0.2ms)[0m  [1m[34mSELECT  1 AS one FROM "applicants" WHERE LOWER("applicants"."contact_number") = LOWER($1) LIMIT $2[0m  [["contact_number", "09088943422"], ["LIMIT", 1]]
  [1m[35m (0.1ms)[0m  [1m[31mROLLBACK[0m
Completed 422 Unprocessable Entity in 18ms (Views: 0.2ms | ActiveRecord: 1.2ms)


Started GET "/api/applicants" for 127.0.0.1 at 2018-06-23 18:20:02 +0800
Processing by Api::ApplicantsController#index as */*
  [1m[36mApplicant Load (0.2ms)[0m  [1m[34mSELECT "applicants".* FROM "applicants"[0m
Completed 200 OK in 11ms (Views: 7.5ms | ActiveRecord: 0.2ms)


Started POST "/api/applicants" for 127.0.0.1 at 2018-06-23 18:20:23 +0800
Processing by Api::ApplicantsController#create as */*
  Parameters: {"last_name"=>"Dela Cruz", "first_name"=>"Francis Zac", "middle_initial"=>"Q", "nickname"=>"Francis", "address"=>"Paco, Manila", "skills"=>"None", "interests"=>"None", "experience"=>"None", "student_number"=>"201508086", "email"=>"francis@dlc.com", "contact_number"=>"09088943422"}
Can't verify CSRF token authenticity.
  [1m[35m (0.2ms)[0m  [1m[35mBEGIN[0m
  [1m[36mApplicant Exists (0.3ms)[0m  [1m[34mSELECT  1 AS one FROM "applicants" WHERE "applicants"."student_number" = $1 LIMIT $2[0m  [["student_number", 201508086], ["LIMIT", 1]]
  [1m[36mApplicant Exists (0.3ms)[0m  [1m[34mSELECT  1 AS one FROM "applicants" WHERE LOWER("applicants"."email") = LOWER($1) LIMIT $2[0m  [["email", "francis@dlc.com"], ["LIMIT", 1]]
  [1m[36mApplicant Exists (0.2ms)[0m  [1m[34mSELECT  1 AS one FROM "applicants" WHERE LOWER("applicants"."contact_number") = LOWER($1) LIMIT $2[0m  [["contact_number", "09088943422"], ["LIMIT", 1]]
  [1m[35m (0.2ms)[0m  [1m[31mROLLBACK[0m
Completed 422 Unprocessable Entity in 22ms (Views: 0.2ms | ActiveRecord: 1.9ms)


Started GET "/api/applicants/1" for 127.0.0.1 at 2018-06-23 18:21:18 +0800
Processing by Api::ApplicantsController#show as */*
  Parameters: {"id"=>"1"}
  [1m[36mApplicant Load (0.2ms)[0m  [1m[34mSELECT  "applicants".* FROM "applicants" WHERE "applicants"."id" = $1 LIMIT $2[0m  [["id", 1], ["LIMIT", 1]]
Completed 200 OK in 3ms (Views: 0.1ms | ActiveRecord: 0.4ms)


Started GET "/api/applicants/1" for 127.0.0.1 at 2018-06-23 18:21:59 +0800
Processing by Api::ApplicantsController#show as */*
  Parameters: {"id"=>"1"}
  [1m[36mApplicant Load (0.2ms)[0m  [1m[34mSELECT  "applicants".* FROM "applicants" WHERE "applicants"."id" = $1 LIMIT $2[0m  [["id", 1], ["LIMIT", 1]]
Completed 200 OK in 17ms (Views: 0.7ms | ActiveRecord: 2.5ms)


Started POST "/api/applicants" for 127.0.0.1 at 2018-06-23 18:23:09 +0800
Processing by Api::ApplicantsController#create as */*
  Parameters: {"last_name"=>"Dela Cruz", "first_name"=>"Francis Zac", "middle_initial"=>"Q", "nickname"=>"Francis", "birthday"=>"asdfasd", "address"=>"Paco, Manila", "skills"=>"None", "interests"=>"None", "experience"=>"None", "student_number"=>"201508087", "email"=>"franciszac@dlc.com", "contact_number"=>"09088943421"}
Can't verify CSRF token authenticity.
  [1m[35m (0.1ms)[0m  [1m[35mBEGIN[0m
  [1m[36mApplicant Exists (0.2ms)[0m  [1m[34mSELECT  1 AS one FROM "applicants" WHERE "applicants"."student_number" = $1 LIMIT $2[0m  [["student_number", 201508087], ["LIMIT", 1]]
  [1m[36mApplicant Exists (0.2ms)[0m  [1m[34mSELECT  1 AS one FROM "applicants" WHERE LOWER("applicants"."email") = LOWER($1) LIMIT $2[0m  [["email", "franciszac@dlc.com"], ["LIMIT", 1]]
  [1m[36mApplicant Exists (0.2ms)[0m  [1m[34mSELECT  1 AS one FROM "applicants" WHERE LOWER("applicants"."contact_number") = LOWER($1) LIMIT $2[0m  [["contact_number", "09088943421"], ["LIMIT", 1]]
  [1m[35m (0.1ms)[0m  [1m[31mROLLBACK[0m
Completed 422 Unprocessable Entity in 6ms (Views: 0.2ms | ActiveRecord: 1.4ms)


Started POST "/api/applicants" for 127.0.0.1 at 2018-06-23 18:23:33 +0800
Processing by Api::ApplicantsController#create as */*
  Parameters: {"last_name"=>"Dela Cruz", "first_name"=>"Francis Zac", "middle_initial"=>"Q", "nickname"=>"Francis", "birthday"=>"August 24, 1998", "address"=>"Paco, Manila", "skills"=>"None", "interests"=>"None", "experience"=>"None", "student_number"=>"20150f", "email"=>"franciszac@dlc.com", "contact_number"=>"09088943421"}
Can't verify CSRF token authenticity.
  [1m[35m (0.1ms)[0m  [1m[35mBEGIN[0m
  [1m[36mApplicant Exists (0.2ms)[0m  [1m[34mSELECT  1 AS one FROM "applicants" WHERE "applicants"."student_number" = $1 LIMIT $2[0m  [["student_number", 20150], ["LIMIT", 1]]
  [1m[36mApplicant Exists (0.2ms)[0m  [1m[34mSELECT  1 AS one FROM "applicants" WHERE LOWER("applicants"."email") = LOWER($1) LIMIT $2[0m  [["email", "franciszac@dlc.com"], ["LIMIT", 1]]
  [1m[36mApplicant Exists (0.2ms)[0m  [1m[34mSELECT  1 AS one FROM "applicants" WHERE LOWER("applicants"."contact_number") = LOWER($1) LIMIT $2[0m  [["contact_number", "09088943421"], ["LIMIT", 1]]
  [1m[35m (0.1ms)[0m  [1m[31mROLLBACK[0m
Completed 422 Unprocessable Entity in 5ms (Views: 0.2ms | ActiveRecord: 1.2ms)


Started POST "/api/applicants" for 127.0.0.1 at 2018-06-23 18:23:41 +0800
Processing by Api::ApplicantsController#create as */*
  Parameters: {"last_name"=>"Dela Cruz", "first_name"=>"Francis Zac", "middle_initial"=>"Q", "nickname"=>"Francis", "birthday"=>"August 24, 1998", "address"=>"Paco, Manila", "skills"=>"None", "interests"=>"None", "experience"=>"None", "student_number"=>"201508089", "email"=>"franciszac@@dlc.com", "contact_number"=>"09088943421"}
Can't verify CSRF token authenticity.
  [1m[35m (0.1ms)[0m  [1m[35mBEGIN[0m
  [1m[36mApplicant Exists (0.2ms)[0m  [1m[34mSELECT  1 AS one FROM "applicants" WHERE "applicants"."student_number" = $1 LIMIT $2[0m  [["student_number", 201508089], ["LIMIT", 1]]
  [1m[36mApplicant Exists (0.2ms)[0m  [1m[34mSELECT  1 AS one FROM "applicants" WHERE LOWER("applicants"."email") = LOWER($1) LIMIT $2[0m  [["email", "franciszac@@dlc.com"], ["LIMIT", 1]]
  [1m[36mApplicant Exists (0.3ms)[0m  [1m[34mSELECT  1 AS one FROM "applicants" WHERE LOWER("applicants"."contact_number") = LOWER($1) LIMIT $2[0m  [["contact_number", "09088943421"], ["LIMIT", 1]]
  [1m[35m (0.1ms)[0m  [1m[31mROLLBACK[0m
Completed 422 Unprocessable Entity in 10ms (Views: 0.1ms | ActiveRecord: 1.5ms)


Started PUT "/api/applicants/1" for 127.0.0.1 at 2018-06-23 18:47:56 +0800
Processing by Api::ApplicantsController#update as */*
  Parameters: {"id"=>"1"}
Can't verify CSRF token authenticity.
  [1m[36mApplicant Load (0.3ms)[0m  [1m[34mSELECT  "applicants".* FROM "applicants" WHERE "applicants"."id" = $1 LIMIT $2[0m  [["id", 1], ["LIMIT", 1]]
Unpermitted parameter: :id
  [1m[35m (0.1ms)[0m  [1m[35mBEGIN[0m
  [1m[36mApplicant Exists (0.3ms)[0m  [1m[34mSELECT  1 AS one FROM "applicants" WHERE "applicants"."student_number" = $1 AND ("applicants"."id" != $2) LIMIT $3[0m  [["student_number", 201508086], ["id", 1], ["LIMIT", 1]]
  [1m[36mApplicant Exists (0.2ms)[0m  [1m[34mSELECT  1 AS one FROM "applicants" WHERE LOWER("applicants"."email") = LOWER($1) AND ("applicants"."id" != $2) LIMIT $3[0m  [["email", "francis@dlc.com"], ["id", 1], ["LIMIT", 1]]
  [1m[36mApplicant Exists (0.3ms)[0m  [1m[34mSELECT  1 AS one FROM "applicants" WHERE LOWER("applicants"."contact_number") = LOWER($1) AND ("applicants"."id" != $2) LIMIT $3[0m  [["contact_number", "09088943422"], ["id", 1], ["LIMIT", 1]]
  [1m[35m (0.1ms)[0m  [1m[35mCOMMIT[0m
Completed 204 No Content in 20ms (ActiveRecord: 4.9ms)


Started GET "/api/applicants/1" for 127.0.0.1 at 2018-06-23 18:48:02 +0800
Processing by Api::ApplicantsController#show as */*
  Parameters: {"id"=>"1"}
  [1m[36mApplicant Load (0.4ms)[0m  [1m[34mSELECT  "applicants".* FROM "applicants" WHERE "applicants"."id" = $1 LIMIT $2[0m  [["id", 1], ["LIMIT", 1]]
Completed 200 OK in 3ms (Views: 0.7ms | ActiveRecord: 0.4ms)


Started GET "/api/applicants/1" for 127.0.0.1 at 2018-06-23 18:48:03 +0800
Processing by Api::ApplicantsController#show as */*
  Parameters: {"id"=>"1"}
  [1m[36mApplicant Load (0.3ms)[0m  [1m[34mSELECT  "applicants".* FROM "applicants" WHERE "applicants"."id" = $1 LIMIT $2[0m  [["id", 1], ["LIMIT", 1]]
Completed 200 OK in 2ms (Views: 0.4ms | ActiveRecord: 0.3ms)


Started PUT "/api/applicants/1" for 127.0.0.1 at 2018-06-23 18:48:29 +0800
Processing by Api::ApplicantsController#update as */*
  Parameters: {"id"=>"1"}
Can't verify CSRF token authenticity.
  [1m[36mApplicant Load (0.2ms)[0m  [1m[34mSELECT  "applicants".* FROM "applicants" WHERE "applicants"."id" = $1 LIMIT $2[0m  [["id", 1], ["LIMIT", 1]]
Unpermitted parameter: :id
  [1m[35m (0.1ms)[0m  [1m[35mBEGIN[0m
  [1m[36mApplicant Exists (0.2ms)[0m  [1m[34mSELECT  1 AS one FROM "applicants" WHERE "applicants"."student_number" = $1 AND ("applicants"."id" != $2) LIMIT $3[0m  [["student_number", 201508086], ["id", 1], ["LIMIT", 1]]
  [1m[36mApplicant Exists (0.2ms)[0m  [1m[34mSELECT  1 AS one FROM "applicants" WHERE LOWER("applicants"."email") = LOWER($1) AND ("applicants"."id" != $2) LIMIT $3[0m  [["email", "francis@dlc.com"], ["id", 1], ["LIMIT", 1]]
  [1m[36mApplicant Exists (0.2ms)[0m  [1m[34mSELECT  1 AS one FROM "applicants" WHERE LOWER("applicants"."contact_number") = LOWER($1) AND ("applicants"."id" != $2) LIMIT $3[0m  [["contact_number", "09088943422"], ["id", 1], ["LIMIT", 1]]
  [1m[35m (0.1ms)[0m  [1m[35mCOMMIT[0m
Completed 204 No Content in 5ms (ActiveRecord: 1.5ms)


Started PUT "/api/applicants/1" for 127.0.0.1 at 2018-06-23 18:49:17 +0800
Processing by Api::ApplicantsController#update as */*
  Parameters: {"id"=>"1"}
Can't verify CSRF token authenticity.
  [1m[36mApplicant Load (0.3ms)[0m  [1m[34mSELECT  "applicants".* FROM "applicants" WHERE "applicants"."id" = $1 LIMIT $2[0m  [["id", 1], ["LIMIT", 1]]
  [1m[35m (0.2ms)[0m  [1m[35mBEGIN[0m
  [1m[36mApplicant Exists (0.2ms)[0m  [1m[34mSELECT  1 AS one FROM "applicants" WHERE "applicants"."student_number" = $1 AND ("applicants"."id" != $2) LIMIT $3[0m  [["student_number", 201508086], ["id", 1], ["LIMIT", 1]]
  [1m[36mApplicant Exists (0.2ms)[0m  [1m[34mSELECT  1 AS one FROM "applicants" WHERE LOWER("applicants"."email") = LOWER($1) AND ("applicants"."id" != $2) LIMIT $3[0m  [["email", "francis@dlc.com"], ["id", 1], ["LIMIT", 1]]
  [1m[36mApplicant Exists (0.2ms)[0m  [1m[34mSELECT  1 AS one FROM "applicants" WHERE LOWER("applicants"."contact_number") = LOWER($1) AND ("applicants"."id" != $2) LIMIT $3[0m  [["contact_number", "09088943422"], ["id", 1], ["LIMIT", 1]]
  [1m[35m (0.1ms)[0m  [1m[35mCOMMIT[0m
Completed 204 No Content in 21ms (ActiveRecord: 4.2ms)


Started GET "/api/applicants/1" for 127.0.0.1 at 2018-06-23 18:49:27 +0800
Processing by Api::ApplicantsController#show as */*
  Parameters: {"id"=>"1"}
  [1m[36mApplicant Load (0.3ms)[0m  [1m[34mSELECT  "applicants".* FROM "applicants" WHERE "applicants"."id" = $1 LIMIT $2[0m  [["id", 1], ["LIMIT", 1]]
Completed 200 OK in 2ms (Views: 0.8ms | ActiveRecord: 0.3ms)


Started GET "/api/applicants/1" for 127.0.0.1 at 2018-06-23 18:49:28 +0800
Processing by Api::ApplicantsController#show as */*
  Parameters: {"id"=>"1"}
  [1m[36mApplicant Load (0.3ms)[0m  [1m[34mSELECT  "applicants".* FROM "applicants" WHERE "applicants"."id" = $1 LIMIT $2[0m  [["id", 1], ["LIMIT", 1]]
Completed 200 OK in 2ms (Views: 0.5ms | ActiveRecord: 0.3ms)


Started GET "/api/applicants/1" for 127.0.0.1 at 2018-06-23 18:49:29 +0800
Processing by Api::ApplicantsController#show as */*
  Parameters: {"id"=>"1"}
  [1m[36mApplicant Load (0.3ms)[0m  [1m[34mSELECT  "applicants".* FROM "applicants" WHERE "applicants"."id" = $1 LIMIT $2[0m  [["id", 1], ["LIMIT", 1]]
Completed 200 OK in 2ms (Views: 0.6ms | ActiveRecord: 0.3ms)


Started GET "/api/applicants/1" for 127.0.0.1 at 2018-06-23 18:50:15 +0800
Processing by Api::ApplicantsController#show as */*
  Parameters: {"id"=>"1"}
  [1m[36mApplicant Load (0.3ms)[0m  [1m[34mSELECT  "applicants".* FROM "applicants" WHERE "applicants"."id" = $1 LIMIT $2[0m  [["id", 1], ["LIMIT", 1]]
Completed 200 OK in 2ms (Views: 0.5ms | ActiveRecord: 0.3ms)


Started GET "/api/applicants" for 127.0.0.1 at 2018-06-23 18:50:18 +0800
Processing by Api::ApplicantsController#index as */*
  [1m[36mApplicant Load (0.2ms)[0m  [1m[34mSELECT "applicants".* FROM "applicants"[0m
Completed 200 OK in 1ms (Views: 1.0ms | ActiveRecord: 0.2ms)


  [1m[36mApplicant Load (0.3ms)[0m  [1m[34mSELECT  "applicants".* FROM "applicants" ORDER BY "applicants"."id" ASC LIMIT $1[0m  [["LIMIT", 1]]
Started PUT "/api/applicants/1" for 127.0.0.1 at 2018-06-23 18:51:01 +0800
Processing by Api::ApplicantsController#update as */*
  Parameters: {"id"=>"1"}
Can't verify CSRF token authenticity.
  [1m[36mApplicant Load (0.3ms)[0m  [1m[34mSELECT  "applicants".* FROM "applicants" WHERE "applicants"."id" = $1 LIMIT $2[0m  [["id", 1], ["LIMIT", 1]]
  [1m[35m (0.1ms)[0m  [1m[35mBEGIN[0m
  [1m[36mApplicant Exists (0.2ms)[0m  [1m[34mSELECT  1 AS one FROM "applicants" WHERE "applicants"."student_number" = $1 AND ("applicants"."id" != $2) LIMIT $3[0m  [["student_number", 201508086], ["id", 1], ["LIMIT", 1]]
  [1m[36mApplicant Exists (0.2ms)[0m  [1m[34mSELECT  1 AS one FROM "applicants" WHERE LOWER("applicants"."email") = LOWER($1) AND ("applicants"."id" != $2) LIMIT $3[0m  [["email", "francis@dlc.com"], ["id", 1], ["LIMIT", 1]]
  [1m[36mApplicant Exists (0.2ms)[0m  [1m[34mSELECT  1 AS one FROM "applicants" WHERE LOWER("applicants"."contact_number") = LOWER($1) AND ("applicants"."id" != $2) LIMIT $3[0m  [["contact_number", "09088943422"], ["id", 1], ["LIMIT", 1]]
  [1m[35m (0.1ms)[0m  [1m[35mCOMMIT[0m
Completed 204 No Content in 5ms (ActiveRecord: 1.6ms)


  [1m[36mApplicant Load (1.2ms)[0m  [1m[34mSELECT  "applicants".* FROM "applicants" ORDER BY "applicants"."id" ASC LIMIT $1[0m  [["LIMIT", 1]]
Started GET "/api/applicants/1" for 127.0.0.1 at 2018-06-23 18:51:14 +0800
Processing by Api::ApplicantsController#show as */*
  Parameters: {"id"=>"1"}
  [1m[36mApplicant Load (0.4ms)[0m  [1m[34mSELECT  "applicants".* FROM "applicants" WHERE "applicants"."id" = $1 LIMIT $2[0m  [["id", 1], ["LIMIT", 1]]
Completed 200 OK in 2ms (Views: 0.4ms | ActiveRecord: 0.4ms)


Started PUT "/api/applicants/1" for 127.0.0.1 at 2018-06-23 18:51:24 +0800
Processing by Api::ApplicantsController#update as */*
  Parameters: {"id"=>"1"}
Can't verify CSRF token authenticity.
  [1m[36mApplicant Load (0.2ms)[0m  [1m[34mSELECT  "applicants".* FROM "applicants" WHERE "applicants"."id" = $1 LIMIT $2[0m  [["id", 1], ["LIMIT", 1]]
  [1m[35m (0.1ms)[0m  [1m[35mBEGIN[0m
  [1m[36mApplicant Exists (0.3ms)[0m  [1m[34mSELECT  1 AS one FROM "applicants" WHERE "applicants"."student_number" = $1 AND ("applicants"."id" != $2) LIMIT $3[0m  [["student_number", 201508086], ["id", 1], ["LIMIT", 1]]
  [1m[36mApplicant Exists (0.2ms)[0m  [1m[34mSELECT  1 AS one FROM "applicants" WHERE LOWER("applicants"."email") = LOWER($1) AND ("applicants"."id" != $2) LIMIT $3[0m  [["email", "francis@dlc.com"], ["id", 1], ["LIMIT", 1]]
  [1m[36mApplicant Exists (0.2ms)[0m  [1m[34mSELECT  1 AS one FROM "applicants" WHERE LOWER("applicants"."contact_number") = LOWER($1) AND ("applicants"."id" != $2) LIMIT $3[0m  [["contact_number", "09088943422"], ["id", 1], ["LIMIT", 1]]
  [1m[35m (0.1ms)[0m  [1m[35mCOMMIT[0m
Completed 204 No Content in 5ms (ActiveRecord: 1.6ms)


Started GET "/api/applicants/1" for 127.0.0.1 at 2018-06-23 18:51:27 +0800
Processing by Api::ApplicantsController#show as */*
  Parameters: {"id"=>"1"}
  [1m[36mApplicant Load (0.2ms)[0m  [1m[34mSELECT  "applicants".* FROM "applicants" WHERE "applicants"."id" = $1 LIMIT $2[0m  [["id", 1], ["LIMIT", 1]]
Completed 200 OK in 2ms (Views: 0.4ms | ActiveRecord: 0.2ms)


Started GET "/api/applicants/1" for 127.0.0.1 at 2018-06-23 18:51:28 +0800
Processing by Api::ApplicantsController#show as */*
  Parameters: {"id"=>"1"}
  [1m[36mApplicant Load (0.3ms)[0m  [1m[34mSELECT  "applicants".* FROM "applicants" WHERE "applicants"."id" = $1 LIMIT $2[0m  [["id", 1], ["LIMIT", 1]]
Completed 200 OK in 2ms (Views: 0.4ms | ActiveRecord: 0.3ms)


Started PATCH "/api/applicants/1" for 127.0.0.1 at 2018-06-23 18:52:42 +0800
Processing by Api::ApplicantsController#update as */*
  Parameters: {"id"=>"1"}
Can't verify CSRF token authenticity.
  [1m[36mApplicant Load (0.3ms)[0m  [1m[34mSELECT  "applicants".* FROM "applicants" WHERE "applicants"."id" = $1 LIMIT $2[0m  [["id", 1], ["LIMIT", 1]]
  [1m[35m (0.1ms)[0m  [1m[35mBEGIN[0m
  [1m[36mApplicant Exists (0.2ms)[0m  [1m[34mSELECT  1 AS one FROM "applicants" WHERE "applicants"."student_number" = $1 AND ("applicants"."id" != $2) LIMIT $3[0m  [["student_number", 201508086], ["id", 1], ["LIMIT", 1]]
  [1m[36mApplicant Exists (0.2ms)[0m  [1m[34mSELECT  1 AS one FROM "applicants" WHERE LOWER("applicants"."email") = LOWER($1) AND ("applicants"."id" != $2) LIMIT $3[0m  [["email", "francis@dlc.com"], ["id", 1], ["LIMIT", 1]]
  [1m[36mApplicant Exists (0.2ms)[0m  [1m[34mSELECT  1 AS one FROM "applicants" WHERE LOWER("applicants"."contact_number") = LOWER($1) AND ("applicants"."id" != $2) LIMIT $3[0m  [["contact_number", "09088943422"], ["id", 1], ["LIMIT", 1]]
  [1m[35m (0.1ms)[0m  [1m[35mCOMMIT[0m
Completed 204 No Content in 5ms (ActiveRecord: 1.6ms)


Started GET "/api/applicants/1" for 127.0.0.1 at 2018-06-23 18:52:44 +0800
Processing by Api::ApplicantsController#show as */*
  Parameters: {"id"=>"1"}
  [1m[36mApplicant Load (0.4ms)[0m  [1m[34mSELECT  "applicants".* FROM "applicants" WHERE "applicants"."id" = $1 LIMIT $2[0m  [["id", 1], ["LIMIT", 1]]
Completed 200 OK in 3ms (Views: 0.6ms | ActiveRecord: 0.4ms)


Started GET "/api/applicants/1" for 127.0.0.1 at 2018-06-23 18:53:17 +0800
Processing by Api::ApplicantsController#show as */*
  Parameters: {"id"=>"1"}
  [1m[36mApplicant Load (0.2ms)[0m  [1m[34mSELECT  "applicants".* FROM "applicants" WHERE "applicants"."id" = $1 LIMIT $2[0m  [["id", 1], ["LIMIT", 1]]
Completed 200 OK in 13ms (Views: 0.4ms | ActiveRecord: 0.2ms)


Started PATCH "/api/applicants/1" for 127.0.0.1 at 2018-06-23 18:53:22 +0800
Processing by Api::ApplicantsController#update as */*
  Parameters: {"id"=>"1"}
Can't verify CSRF token authenticity.
  [1m[36mApplicant Load (0.3ms)[0m  [1m[34mSELECT  "applicants".* FROM "applicants" WHERE "applicants"."id" = $1 LIMIT $2[0m  [["id", 1], ["LIMIT", 1]]
Completed 400 Bad Request in 2ms (ActiveRecord: 0.3ms)


  
ActionController::ParameterMissing (param is missing or the value is empty: applicant):
  
app/controllers/api/applicants_controller.rb:39:in `applicant_params'
app/controllers/api/applicants_controller.rb:24:in `update'
Started PATCH "/api/applicants/1" for 127.0.0.1 at 2018-06-23 18:53:45 +0800
Processing by Api::ApplicantsController#update as */*
  Parameters: {"id"=>"1"}
Can't verify CSRF token authenticity.
  [1m[36mApplicant Load (0.3ms)[0m  [1m[34mSELECT  "applicants".* FROM "applicants" WHERE "applicants"."id" = $1 LIMIT $2[0m  [["id", 1], ["LIMIT", 1]]
  [1m[35m (0.1ms)[0m  [1m[35mBEGIN[0m
  [1m[36mApplicant Exists (0.2ms)[0m  [1m[34mSELECT  1 AS one FROM "applicants" WHERE "applicants"."student_number" = $1 AND ("applicants"."id" != $2) LIMIT $3[0m  [["student_number", 201508086], ["id", 1], ["LIMIT", 1]]
  [1m[36mApplicant Exists (0.2ms)[0m  [1m[34mSELECT  1 AS one FROM "applicants" WHERE LOWER("applicants"."email") = LOWER($1) AND ("applicants"."id" != $2) LIMIT $3[0m  [["email", "francis@dlc.com"], ["id", 1], ["LIMIT", 1]]
  [1m[36mApplicant Exists (0.1ms)[0m  [1m[34mSELECT  1 AS one FROM "applicants" WHERE LOWER("applicants"."contact_number") = LOWER($1) AND ("applicants"."id" != $2) LIMIT $3[0m  [["contact_number", "09088943422"], ["id", 1], ["LIMIT", 1]]
  [1m[35m (0.1ms)[0m  [1m[35mCOMMIT[0m
Completed 204 No Content in 22ms (ActiveRecord: 4.3ms)


Started PATCH "/api/applicants/1" for 127.0.0.1 at 2018-06-23 18:54:21 +0800
Processing by Api::ApplicantsController#update as */*
  Parameters: {"id"=>"1", "applicant"=>{}}
Can't verify CSRF token authenticity.
  [1m[36mApplicant Load (0.3ms)[0m  [1m[34mSELECT  "applicants".* FROM "applicants" WHERE "applicants"."id" = $1 LIMIT $2[0m  [["id", 1], ["LIMIT", 1]]
Unpermitted parameter: :applicant
  [1m[35m (0.1ms)[0m  [1m[35mBEGIN[0m
  [1m[36mApplicant Exists (0.2ms)[0m  [1m[34mSELECT  1 AS one FROM "applicants" WHERE "applicants"."student_number" = $1 AND ("applicants"."id" != $2) LIMIT $3[0m  [["student_number", 201508086], ["id", 1], ["LIMIT", 1]]
  [1m[36mApplicant Exists (0.2ms)[0m  [1m[34mSELECT  1 AS one FROM "applicants" WHERE LOWER("applicants"."email") = LOWER($1) AND ("applicants"."id" != $2) LIMIT $3[0m  [["email", "francis@dlc.com"], ["id", 1], ["LIMIT", 1]]
  [1m[36mApplicant Exists (0.2ms)[0m  [1m[34mSELECT  1 AS one FROM "applicants" WHERE LOWER("applicants"."contact_number") = LOWER($1) AND ("applicants"."id" != $2) LIMIT $3[0m  [["contact_number", "09088943422"], ["id", 1], ["LIMIT", 1]]
  [1m[35m (0.1ms)[0m  [1m[35mCOMMIT[0m
Completed 204 No Content in 6ms (ActiveRecord: 1.6ms)


Started PATCH "/api/applicants/1" for 127.0.0.1 at 2018-06-23 18:54:57 +0800
Processing by Api::ApplicantsController#update as */*
  Parameters: {"id"=>"1", "applicant"=>{}}
Can't verify CSRF token authenticity.
  [1m[36mApplicant Load (0.4ms)[0m  [1m[34mSELECT  "applicants".* FROM "applicants" WHERE "applicants"."id" = $1 LIMIT $2[0m  [["id", 1], ["LIMIT", 1]]
Unpermitted parameter: :applicant
  [1m[35m (0.2ms)[0m  [1m[35mBEGIN[0m
  [1m[36mApplicant Exists (0.3ms)[0m  [1m[34mSELECT  1 AS one FROM "applicants" WHERE "applicants"."student_number" = $1 AND ("applicants"."id" != $2) LIMIT $3[0m  [["student_number", 201508086], ["id", 1], ["LIMIT", 1]]
  [1m[36mApplicant Exists (0.4ms)[0m  [1m[34mSELECT  1 AS one FROM "applicants" WHERE LOWER("applicants"."email") = LOWER($1) AND ("applicants"."id" != $2) LIMIT $3[0m  [["email", "francis@dlc.com"], ["id", 1], ["LIMIT", 1]]
  [1m[36mApplicant Exists (0.3ms)[0m  [1m[34mSELECT  1 AS one FROM "applicants" WHERE LOWER("applicants"."contact_number") = LOWER($1) AND ("applicants"."id" != $2) LIMIT $3[0m  [["contact_number", "09088943422"], ["id", 1], ["LIMIT", 1]]
  [1m[35m (0.1ms)[0m  [1m[35mCOMMIT[0m
Completed 204 No Content in 9ms (ActiveRecord: 2.5ms)


Started PUT "/api/applicants/1" for 127.0.0.1 at 2018-06-23 18:55:05 +0800
Processing by Api::ApplicantsController#update as */*
  Parameters: {"id"=>"1", "applicant"=>{}}
Can't verify CSRF token authenticity.
  [1m[36mApplicant Load (0.4ms)[0m  [1m[34mSELECT  "applicants".* FROM "applicants" WHERE "applicants"."id" = $1 LIMIT $2[0m  [["id", 1], ["LIMIT", 1]]
Unpermitted parameter: :applicant
  [1m[35m (0.5ms)[0m  [1m[35mBEGIN[0m
  [1m[36mApplicant Exists (0.3ms)[0m  [1m[34mSELECT  1 AS one FROM "applicants" WHERE "applicants"."student_number" = $1 AND ("applicants"."id" != $2) LIMIT $3[0m  [["student_number", 201508086], ["id", 1], ["LIMIT", 1]]
  [1m[36mApplicant Exists (0.4ms)[0m  [1m[34mSELECT  1 AS one FROM "applicants" WHERE LOWER("applicants"."email") = LOWER($1) AND ("applicants"."id" != $2) LIMIT $3[0m  [["email", "francis@dlc.com"], ["id", 1], ["LIMIT", 1]]
  [1m[36mApplicant Exists (0.4ms)[0m  [1m[34mSELECT  1 AS one FROM "applicants" WHERE LOWER("applicants"."contact_number") = LOWER($1) AND ("applicants"."id" != $2) LIMIT $3[0m  [["contact_number", "09088943422"], ["id", 1], ["LIMIT", 1]]
  [1m[35m (0.2ms)[0m  [1m[35mCOMMIT[0m
Completed 204 No Content in 13ms (ActiveRecord: 3.3ms)


Started POST "/api/applicants" for 127.0.0.1 at 2018-06-23 18:55:37 +0800
Processing by Api::ApplicantsController#create as */*
  Parameters: {"last_name"=>"Dela Cruz", "first_name"=>"Francis Zac", "middle_initial"=>"Q", "nickname"=>"Francis", "birthday"=>"August 24, 1998", "address"=>"Paco, Manila", "skills"=>"None", "interests"=>"None", "experience"=>"None", "student_number"=>"201508089", "email"=>"franciszac@dlc.com", "contact_number"=>"09088943421"}
Can't verify CSRF token authenticity.
  [1m[35m (0.1ms)[0m  [1m[35mBEGIN[0m
  [1m[36mApplicant Exists (0.2ms)[0m  [1m[34mSELECT  1 AS one FROM "applicants" WHERE "applicants"."student_number" = $1 LIMIT $2[0m  [["student_number", 201508089], ["LIMIT", 1]]
  [1m[36mApplicant Exists (0.2ms)[0m  [1m[34mSELECT  1 AS one FROM "applicants" WHERE LOWER("applicants"."email") = LOWER($1) LIMIT $2[0m  [["email", "franciszac@dlc.com"], ["LIMIT", 1]]
  [1m[36mApplicant Exists (0.2ms)[0m  [1m[34mSELECT  1 AS one FROM "applicants" WHERE LOWER("applicants"."contact_number") = LOWER($1) LIMIT $2[0m  [["contact_number", "09088943421"], ["LIMIT", 1]]
  [1m[35mSQL (0.3ms)[0m  [1m[32mINSERT INTO "applicants" ("last_name", "first_name", "middle_initial", "student_number", "email", "contact_number", "birthday", "nickname", "address", "skills", "interests", "experience", "created_at", "updated_at") VALUES ($1, $2, $3, $4, $5, $6, $7, $8, $9, $10, $11, $12, $13, $14) RETURNING "id"[0m  [["last_name", "Dela Cruz"], ["first_name", "Francis Zac"], ["middle_initial", "Q"], ["student_number", 201508089], ["email", "franciszac@dlc.com"], ["contact_number", "09088943421"], ["birthday", "1998-08-24"], ["nickname", "Francis"], ["address", "Paco, Manila"], ["skills", "None"], ["interests", "None"], ["experience", "None"], ["created_at", "2018-06-23 10:55:37.273291"], ["updated_at", "2018-06-23 10:55:37.273291"]]
  [1m[35m (0.9ms)[0m  [1m[35mCOMMIT[0m
Completed 201 Created in 7ms (Views: 0.4ms | ActiveRecord: 2.7ms)


Started GET "/api/applicants" for 127.0.0.1 at 2018-06-23 18:56:16 +0800
Processing by Api::ApplicantsController#index as */*
  [1m[36mApplicant Load (0.2ms)[0m  [1m[34mSELECT "applicants".* FROM "applicants"[0m
Completed 200 OK in 2ms (Views: 1.4ms | ActiveRecord: 0.2ms)


Started GET "/api/applicants/1" for 127.0.0.1 at 2018-06-23 18:56:29 +0800
Processing by Api::ApplicantsController#show as */*
  Parameters: {"id"=>"1"}
  [1m[36mApplicant Load (0.3ms)[0m  [1m[34mSELECT  "applicants".* FROM "applicants" WHERE "applicants"."id" = $1 LIMIT $2[0m  [["id", 1], ["LIMIT", 1]]
Completed 200 OK in 2ms (Views: 0.6ms | ActiveRecord: 0.3ms)


  [1m[36mApplicant Load (0.3ms)[0m  [1m[34mSELECT  "applicants".* FROM "applicants" ORDER BY "applicants"."id" ASC LIMIT $1[0m  [["LIMIT", 1]]
  [1m[35m (0.6ms)[0m  [1m[35mBEGIN[0m
  [1m[36mApplicant Exists (1.3ms)[0m  [1m[34mSELECT  1 AS one FROM "applicants" WHERE "applicants"."student_number" = $1 AND ("applicants"."id" != $2) LIMIT $3[0m  [["student_number", 201508086], ["id", 1], ["LIMIT", 1]]
  [1m[36mApplicant Exists (1.9ms)[0m  [1m[34mSELECT  1 AS one FROM "applicants" WHERE LOWER("applicants"."email") = LOWER($1) AND ("applicants"."id" != $2) LIMIT $3[0m  [["email", "francis@dlc.com"], ["id", 1], ["LIMIT", 1]]
  [1m[36mApplicant Exists (1.3ms)[0m  [1m[34mSELECT  1 AS one FROM "applicants" WHERE LOWER("applicants"."contact_number") = LOWER($1) AND ("applicants"."id" != $2) LIMIT $3[0m  [["contact_number", "09088943422"], ["id", 1], ["LIMIT", 1]]
  [1m[35mSQL (1.7ms)[0m  [1m[33mUPDATE "applicants" SET "skills" = $1, "updated_at" = $2 WHERE "applicants"."id" = $3[0m  [["skills", "Being a loser"], ["updated_at", "2018-06-23 11:01:35.470461"], ["id", 1]]
  [1m[35m (1.7ms)[0m  [1m[35mCOMMIT[0m
Started PUT "/api/applicants/1" for 127.0.0.1 at 2018-06-23 19:01:46 +0800
Processing by Api::ApplicantsController#update as */*
  Parameters: {"id"=>"1", "applicant"=>{}}
Can't verify CSRF token authenticity.
  [1m[36mApplicant Load (0.6ms)[0m  [1m[34mSELECT  "applicants".* FROM "applicants" WHERE "applicants"."id" = $1 LIMIT $2[0m  [["id", 1], ["LIMIT", 1]]
Unpermitted parameters: :id, :applicant
  [1m[35m (0.2ms)[0m  [1m[35mBEGIN[0m
  [1m[36mApplicant Exists (0.2ms)[0m  [1m[34mSELECT  1 AS one FROM "applicants" WHERE "applicants"."student_number" = $1 AND ("applicants"."id" != $2) LIMIT $3[0m  [["student_number", 201508086], ["id", 1], ["LIMIT", 1]]
  [1m[36mApplicant Exists (0.2ms)[0m  [1m[34mSELECT  1 AS one FROM "applicants" WHERE LOWER("applicants"."email") = LOWER($1) AND ("applicants"."id" != $2) LIMIT $3[0m  [["email", "francis@dlc.com"], ["id", 1], ["LIMIT", 1]]
  [1m[36mApplicant Exists (0.2ms)[0m  [1m[34mSELECT  1 AS one FROM "applicants" WHERE LOWER("applicants"."contact_number") = LOWER($1) AND ("applicants"."id" != $2) LIMIT $3[0m  [["contact_number", "09088943422"], ["id", 1], ["LIMIT", 1]]
  [1m[35m (0.1ms)[0m  [1m[35mCOMMIT[0m
Completed 204 No Content in 16ms (ActiveRecord: 2.0ms)


Started GET "/api/applicants/1" for 127.0.0.1 at 2018-06-23 19:01:49 +0800
Processing by Api::ApplicantsController#show as */*
  Parameters: {"id"=>"1"}
  [1m[36mApplicant Load (0.2ms)[0m  [1m[34mSELECT  "applicants".* FROM "applicants" WHERE "applicants"."id" = $1 LIMIT $2[0m  [["id", 1], ["LIMIT", 1]]
Completed 200 OK in 2ms (Views: 0.5ms | ActiveRecord: 0.2ms)


Started PUT "/api/applicants/2" for 127.0.0.1 at 2018-06-23 19:20:47 +0800
Processing by Api::ApplicantsController#update as */*
  Parameters: {"id"=>"2", "applicant"=>{}}
Can't verify CSRF token authenticity.
  [1m[36mApplicant Load (0.3ms)[0m  [1m[34mSELECT  "applicants".* FROM "applicants" WHERE "applicants"."id" = $1 LIMIT $2[0m  [["id", 2], ["LIMIT", 1]]
Unpermitted parameters: :id, :applicant
  [1m[35m (0.1ms)[0m  [1m[35mBEGIN[0m
  [1m[36mApplicant Exists (0.4ms)[0m  [1m[34mSELECT  1 AS one FROM "applicants" WHERE "applicants"."student_number" = $1 AND ("applicants"."id" != $2) LIMIT $3[0m  [["student_number", 201508089], ["id", 2], ["LIMIT", 1]]
  [1m[36mApplicant Exists (0.3ms)[0m  [1m[34mSELECT  1 AS one FROM "applicants" WHERE LOWER("applicants"."email") = LOWER($1) AND ("applicants"."id" != $2) LIMIT $3[0m  [["email", "franciszac@dlc.com"], ["id", 2], ["LIMIT", 1]]
  [1m[36mApplicant Exists (0.4ms)[0m  [1m[34mSELECT  1 AS one FROM "applicants" WHERE LOWER("applicants"."contact_number") = LOWER($1) AND ("applicants"."id" != $2) LIMIT $3[0m  [["contact_number", "09088943421"], ["id", 2], ["LIMIT", 1]]
  [1m[35m (0.1ms)[0m  [1m[35mCOMMIT[0m
Completed 204 No Content in 9ms (ActiveRecord: 2.5ms)


Started PUT "/api/applicants/2" for 127.0.0.1 at 2018-06-23 19:21:29 +0800
Error occurred while parsing request parameters.
Contents:

"{
	'first_name': 'Zac'
}"
  
ActionDispatch::Http::Parameters::ParseError (765: unexpected token at '"{
	'first_name': 'Zac'
}"'):
  
actionpack (5.1.6) lib/action_dispatch/http/parameters.rb:115:in `rescue in parse_formatted_parameters'
actionpack (5.1.6) lib/action_dispatch/http/parameters.rb:109:in `parse_formatted_parameters'
actionpack (5.1.6) lib/action_dispatch/http/request.rb:361:in `block in POST'
rack (2.0.5) lib/rack/request.rb:57:in `fetch'
rack (2.0.5) lib/rack/request.rb:57:in `fetch_header'
actionpack (5.1.6) lib/action_dispatch/http/request.rb:360:in `POST'
actionpack (5.1.6) lib/action_controller/metal/params_wrapper.rb:286:in `_wrapper_enabled?'
actionpack (5.1.6) lib/action_controller/metal/params_wrapper.rb:235:in `process_action'
activerecord (5.1.6) lib/active_record/railties/controller_runtime.rb:22:in `process_action'
actionpack (5.1.6) lib/abstract_controller/base.rb:124:in `process'
actionview (5.1.6) lib/action_view/rendering.rb:30:in `process'
actionpack (5.1.6) lib/action_controller/metal.rb:189:in `dispatch'
actionpack (5.1.6) lib/action_controller/metal.rb:253:in `dispatch'
actionpack (5.1.6) lib/action_dispatch/routing/route_set.rb:49:in `dispatch'
actionpack (5.1.6) lib/action_dispatch/routing/route_set.rb:31:in `serve'
actionpack (5.1.6) lib/action_dispatch/journey/router.rb:50:in `block in serve'
actionpack (5.1.6) lib/action_dispatch/journey/router.rb:33:in `each'
actionpack (5.1.6) lib/action_dispatch/journey/router.rb:33:in `serve'
actionpack (5.1.6) lib/action_dispatch/routing/route_set.rb:844:in `call'
rack (2.0.5) lib/rack/etag.rb:25:in `call'
rack (2.0.5) lib/rack/conditional_get.rb:38:in `call'
rack (2.0.5) lib/rack/head.rb:12:in `call'
rack (2.0.5) lib/rack/session/abstract/id.rb:232:in `context'
rack (2.0.5) lib/rack/session/abstract/id.rb:226:in `call'
actionpack (5.1.6) lib/action_dispatch/middleware/cookies.rb:613:in `call'
activerecord (5.1.6) lib/active_record/migration.rb:556:in `call'
actionpack (5.1.6) lib/action_dispatch/middleware/callbacks.rb:26:in `block in call'
activesupport (5.1.6) lib/active_support/callbacks.rb:97:in `run_callbacks'
actionpack (5.1.6) lib/action_dispatch/middleware/callbacks.rb:24:in `call'
actionpack (5.1.6) lib/action_dispatch/middleware/executor.rb:12:in `call'
actionpack (5.1.6) lib/action_dispatch/middleware/debug_exceptions.rb:59:in `call'
web-console (3.6.2) lib/web_console/middleware.rb:135:in `call_app'
web-console (3.6.2) lib/web_console/middleware.rb:30:in `block in call'
web-console (3.6.2) lib/web_console/middleware.rb:20:in `catch'
web-console (3.6.2) lib/web_console/middleware.rb:20:in `call'
actionpack (5.1.6) lib/action_dispatch/middleware/show_exceptions.rb:31:in `call'
railties (5.1.6) lib/rails/rack/logger.rb:36:in `call_app'
railties (5.1.6) lib/rails/rack/logger.rb:24:in `block in call'
activesupport (5.1.6) lib/active_support/tagged_logging.rb:69:in `block in tagged'
activesupport (5.1.6) lib/active_support/tagged_logging.rb:26:in `tagged'
activesupport (5.1.6) lib/active_support/tagged_logging.rb:69:in `tagged'
railties (5.1.6) lib/rails/rack/logger.rb:24:in `call'
sprockets-rails (3.2.1) lib/sprockets/rails/quiet_assets.rb:13:in `call'
actionpack (5.1.6) lib/action_dispatch/middleware/remote_ip.rb:79:in `call'
actionpack (5.1.6) lib/action_dispatch/middleware/request_id.rb:25:in `call'
rack (2.0.5) lib/rack/method_override.rb:22:in `call'
rack (2.0.5) lib/rack/runtime.rb:22:in `call'
activesupport (5.1.6) lib/active_support/cache/strategy/local_cache_middleware.rb:27:in `call'
actionpack (5.1.6) lib/action_dispatch/middleware/executor.rb:12:in `call'
actionpack (5.1.6) lib/action_dispatch/middleware/static.rb:125:in `call'
rack (2.0.5) lib/rack/sendfile.rb:111:in `call'
railties (5.1.6) lib/rails/engine.rb:522:in `call'
puma (3.11.4) lib/puma/configuration.rb:225:in `call'
puma (3.11.4) lib/puma/server.rb:632:in `handle_request'
puma (3.11.4) lib/puma/server.rb:446:in `process_client'
puma (3.11.4) lib/puma/server.rb:306:in `block in run'
puma (3.11.4) lib/puma/thread_pool.rb:120:in `block in spawn_thread'
Started GET "/api/applicants" for 127.0.0.1 at 2018-06-23 19:23:14 +0800
Processing by Api::ApplicantsController#index as */*
  [1m[36mApplicant Load (0.2ms)[0m  [1m[34mSELECT "applicants".* FROM "applicants"[0m
Completed 200 OK in 2ms (Views: 1.2ms | ActiveRecord: 0.2ms)


Started PATCH "/api/applicants/2" for 127.0.0.1 at 2018-06-23 19:23:24 +0800
Processing by Api::ApplicantsController#update as */*
  Parameters: {"first_name"=>"Zac", "id"=>"2", "applicant"=>{"first_name"=>"Zac"}}
Can't verify CSRF token authenticity.
  [1m[36mApplicant Load (0.2ms)[0m  [1m[34mSELECT  "applicants".* FROM "applicants" WHERE "applicants"."id" = $1 LIMIT $2[0m  [["id", 2], ["LIMIT", 1]]
Unpermitted parameters: :id, :applicant
  [1m[35m (0.1ms)[0m  [1m[35mBEGIN[0m
  [1m[36mApplicant Exists (0.3ms)[0m  [1m[34mSELECT  1 AS one FROM "applicants" WHERE "applicants"."student_number" = $1 AND ("applicants"."id" != $2) LIMIT $3[0m  [["student_number", 201508089], ["id", 2], ["LIMIT", 1]]
  [1m[36mApplicant Exists (0.2ms)[0m  [1m[34mSELECT  1 AS one FROM "applicants" WHERE LOWER("applicants"."email") = LOWER($1) AND ("applicants"."id" != $2) LIMIT $3[0m  [["email", "franciszac@dlc.com"], ["id", 2], ["LIMIT", 1]]
  [1m[36mApplicant Exists (0.2ms)[0m  [1m[34mSELECT  1 AS one FROM "applicants" WHERE LOWER("applicants"."contact_number") = LOWER($1) AND ("applicants"."id" != $2) LIMIT $3[0m  [["contact_number", "09088943421"], ["id", 2], ["LIMIT", 1]]
  [1m[35mSQL (0.3ms)[0m  [1m[33mUPDATE "applicants" SET "first_name" = $1, "updated_at" = $2 WHERE "applicants"."id" = $3[0m  [["first_name", "Zac"], ["updated_at", "2018-06-23 11:23:24.011527"], ["id", 2]]
  [1m[35m (0.8ms)[0m  [1m[35mCOMMIT[0m
Completed 204 No Content in 7ms (ActiveRecord: 2.7ms)


Started GET "/api/applicants" for 127.0.0.1 at 2018-06-23 19:23:47 +0800
Processing by Api::ApplicantsController#index as */*
  [1m[36mApplicant Load (0.2ms)[0m  [1m[34mSELECT "applicants".* FROM "applicants"[0m
Completed 200 OK in 2ms (Views: 1.2ms | ActiveRecord: 0.2ms)


Started PATCH "/api/applicants/2" for 127.0.0.1 at 2018-06-23 19:24:59 +0800
Processing by Api::ApplicantsController#update as */*
  Parameters: {"id"=>"2", "applicant"=>{}}
Can't verify CSRF token authenticity.
  [1m[36mApplicant Load (0.2ms)[0m  [1m[34mSELECT  "applicants".* FROM "applicants" WHERE "applicants"."id" = $1 LIMIT $2[0m  [["id", 2], ["LIMIT", 1]]
Unpermitted parameters: :id, :applicant
  [1m[35m (0.1ms)[0m  [1m[35mBEGIN[0m
  [1m[36mApplicant Exists (0.3ms)[0m  [1m[34mSELECT  1 AS one FROM "applicants" WHERE "applicants"."student_number" = $1 AND ("applicants"."id" != $2) LIMIT $3[0m  [["student_number", 201508089], ["id", 2], ["LIMIT", 1]]
  [1m[36mApplicant Exists (0.3ms)[0m  [1m[34mSELECT  1 AS one FROM "applicants" WHERE LOWER("applicants"."email") = LOWER($1) AND ("applicants"."id" != $2) LIMIT $3[0m  [["email", "franciszac@dlc.com"], ["id", 2], ["LIMIT", 1]]
  [1m[36mApplicant Exists (0.3ms)[0m  [1m[34mSELECT  1 AS one FROM "applicants" WHERE LOWER("applicants"."contact_number") = LOWER($1) AND ("applicants"."id" != $2) LIMIT $3[0m  [["contact_number", "09088943421"], ["id", 2], ["LIMIT", 1]]
  [1m[35m (0.1ms)[0m  [1m[35mCOMMIT[0m
Completed 204 No Content in 7ms (ActiveRecord: 2.1ms)


Started GET "/api/committees" for 127.0.0.1 at 2018-06-23 20:35:53 +0800
Processing by Api::CommitteesController#index as */*
  [1m[36mCommittee Load (0.3ms)[0m  [1m[34mSELECT "committees".* FROM "committees"[0m
Completed 200 OK in 4ms (Views: 0.9ms | ActiveRecord: 1.0ms)


Started POST "/api/committees" for 127.0.0.1 at 2018-06-23 20:36:48 +0800
Processing by Api::CommitteesController#create as */*
Can't verify CSRF token authenticity.
  [1m[35m (0.1ms)[0m  [1m[35mBEGIN[0m
  [1m[35mSQL (0.4ms)[0m  [1m[32mINSERT INTO "committees" ("created_at", "updated_at") VALUES ($1, $2) RETURNING "id"[0m  [["created_at", "2018-06-23 12:36:48.443760"], ["updated_at", "2018-06-23 12:36:48.443760"]]
  [1m[35m (0.8ms)[0m  [1m[35mCOMMIT[0m
Completed 201 Created in 8ms (Views: 0.3ms | ActiveRecord: 2.7ms)


Started POST "/api/committees" for 127.0.0.1 at 2018-06-23 20:37:24 +0800
Processing by Api::CommitteesController#create as */*
  Parameters: {"name"=>"Engineering Committee", "desc"=>"Best Committee", "committee"=>{"name"=>"Engineering Committee", "desc"=>"Best Committee"}}
Can't verify CSRF token authenticity.
Unpermitted parameter: :committee
  [1m[35m (0.1ms)[0m  [1m[35mBEGIN[0m
  [1m[35mSQL (0.4ms)[0m  [1m[32mINSERT INTO "committees" ("name", "desc", "created_at", "updated_at") VALUES ($1, $2, $3, $4) RETURNING "id"[0m  [["name", "Engineering Committee"], ["desc", "Best Committee"], ["created_at", "2018-06-23 12:37:24.636329"], ["updated_at", "2018-06-23 12:37:24.636329"]]
  [1m[35m (0.9ms)[0m  [1m[35mCOMMIT[0m
Completed 201 Created in 4ms (Views: 0.4ms | ActiveRecord: 1.4ms)


Started GET "/api/committees/1" for 127.0.0.1 at 2018-06-23 20:37:55 +0800
Processing by Api::CommitteesController#show as */*
  Parameters: {"id"=>"1"}
  [1m[36mCommittee Load (0.2ms)[0m  [1m[34mSELECT  "committees".* FROM "committees" WHERE "committees"."id" = $1 LIMIT $2[0m  [["id", 1], ["LIMIT", 1]]
Completed 200 OK in 2ms (Views: 0.3ms | ActiveRecord: 0.2ms)


Started PUT "/api/committees/1" for 127.0.0.1 at 2018-06-23 20:40:50 +0800
Processing by Api::CommitteesController#update as */*
  Parameters: {"name"=>"Development Committee", "desc"=>"The old version", "id"=>"1", "committee"=>{"name"=>"Development Committee", "desc"=>"The old version"}}
Can't verify CSRF token authenticity.
  [1m[36mCommittee Load (0.2ms)[0m  [1m[34mSELECT  "committees".* FROM "committees" WHERE "committees"."id" = $1 LIMIT $2[0m  [["id", 1], ["LIMIT", 1]]
Unpermitted parameters: :id, :committee
  [1m[35m (0.1ms)[0m  [1m[35mBEGIN[0m
  [1m[35mSQL (0.3ms)[0m  [1m[33mUPDATE "committees" SET "name" = $1, "desc" = $2, "updated_at" = $3 WHERE "committees"."id" = $4[0m  [["name", "Development Committee"], ["desc", "The old version"], ["updated_at", "2018-06-23 12:40:50.402698"], ["id", 1]]
  [1m[35m (0.9ms)[0m  [1m[35mCOMMIT[0m
Completed 204 No Content in 4ms (ActiveRecord: 1.5ms)


Started GET "/api/committees/1" for 127.0.0.1 at 2018-06-23 20:40:56 +0800
Processing by Api::CommitteesController#show as */*
  Parameters: {"id"=>"1"}
  [1m[36mCommittee Load (0.2ms)[0m  [1m[34mSELECT  "committees".* FROM "committees" WHERE "committees"."id" = $1 LIMIT $2[0m  [["id", 1], ["LIMIT", 1]]
Completed 200 OK in 2ms (Views: 0.4ms | ActiveRecord: 0.2ms)


Started POST "/api/committees" for 127.0.0.1 at 2018-06-23 20:45:02 +0800
Processing by Api::CommitteesController#create as */*
  Parameters: {"name"=>"Innovations Committee", "committee"=>{"name"=>"Innovations Committee"}}
Can't verify CSRF token authenticity.
Unpermitted parameter: :committee
  [1m[35m (0.2ms)[0m  [1m[35mBEGIN[0m
  [1m[35m (0.1ms)[0m  [1m[31mROLLBACK[0m
Completed 422 Unprocessable Entity in 7ms (Views: 0.2ms | ActiveRecord: 3.3ms)


